2021-07-25 20:30:41,635 [INFO] >> Starting running BEASTIE
2021-07-25 20:30:41,636 [INFO] ========================================
2021-07-25 20:30:41,636 [INFO] ======================================== step1: Processing raw data & annotating LD and AF information
2021-07-25 20:30:41,636 [INFO] ======================================== 
2021-07-25 20:30:41,636 [INFO] Found existed output directory : /Users/scarlett/Documents/Allen_lab/github/BEASTIE/BEASTIE_example/HG00096_chr21/output
2021-07-25 20:30:41,637 [INFO] Found existed specific output directory : /Users/scarlett/Documents/Allen_lab/github/BEASTIE/BEASTIE_example/HG00096_chr21/output/s-0.5_a-0.05_sinCov0_totCov1_W1000K1000, remove content ...
2021-07-25 20:30:41,637 [INFO] We will generate /Users/scarlett/Documents/Allen_lab/github/BEASTIE/BEASTIE_example/HG00096_chr21/output/HG00096_chr21_hetSNP_chr21-21.tsv for you ...
2021-07-25 20:30:41,638 [INFO] We will generate intermediate file /Users/scarlett/Documents/Allen_lab/github/BEASTIE/BEASTIE_example/HG00096_chr21/output/s-0.5_a-0.05_sinCov0_totCov1_W1000K1000/HG00096_chr21_hetSNP_intersected_filtered.TEMP.tsv ...
2021-07-25 20:30:41,638 [INFO] We will generate intermediate file /Users/scarlett/Documents/Allen_lab/github/BEASTIE/BEASTIE_example/HG00096_chr21/output/s-0.5_a-0.05_sinCov0_totCov1_W1000K1000/HG00096_chr21_hetSNP_intersected_filtered_forLambda.TEMP.tsv ...
2021-07-25 20:30:41,638 [INFO] We will generate intermediate file /Users/scarlett/Documents/Allen_lab/github/BEASTIE/BEASTIE_example/HG00096_chr21/output/s-0.5_a-0.05_sinCov0_totCov1_W1000K1000/HG00096_chr21_hetSNP_intersected_filtered_alphaPredicted.TEMP.tsv ...
2021-07-25 20:30:41,638 [INFO] We will generate intermedate file /Users/scarlett/Documents/Allen_lab/github/BEASTIE/BEASTIE_example/HG00096_chr21/output/s-0.5_a-0.05_sinCov0_totCov1_W1000K1000/HG00096_chr21_meta.TEMP.tsv for you ...
2021-07-25 20:30:41,638 [INFO] We will generate /Users/scarlett/Documents/Allen_lab/github/BEASTIE/BEASTIE_example/HG00096_chr21/output/HG00096_chr21_parsed_pileup_chr21-21.tsv for you ...
2021-07-25 20:30:41,638 [INFO] =================
2021-07-25 20:30:41,638 [INFO] ================= Skipping common step 1.1
2021-07-25 20:30:41,687 [INFO] ..... generated heterozygous bi-allelic SNPs data extracted from VCF can be found at /Users/scarlett/Documents/Allen_lab/github/BEASTIE/BEASTIE_example/HG00096_chr21/output/HG00096_chr21_hetSNP_chr21-21.tsv
2021-07-25 20:30:41,688 [INFO] =================
2021-07-25 20:30:41,688 [INFO] ================= Skipping common step 1.2
2021-07-25 20:30:41,756 [INFO] ..... generated parsed pileup file can be found at /Users/scarlett/Documents/Allen_lab/github/BEASTIE/BEASTIE_example/HG00096_chr21/output/HG00096_chr21_parsed_pileup_chr21-21.tsv
2021-07-25 20:30:41,757 [INFO] =================
2021-07-25 20:30:41,757 [INFO] ================= Skipping common step 1.3
2021-07-25 20:30:41,784 [INFO] ..... generated annotated hetSNP with AF file can be found at /Users/scarlett/Documents/Allen_lab/github/BEASTIE/BEASTIE_example/HG00096_chr21/output/HG00096_chr21_hetSNP_chr21-21_AF.tsv
2021-07-25 20:30:41,785 [INFO] =================
2021-07-25 20:30:41,785 [INFO] ================= Skipping specific step 1.4
2021-07-25 20:30:41,836 [INFO] ..... generated hetSNP file after intersection with pileup file size 20 with filtered sites can be found at /Users/scarlett/Documents/Allen_lab/github/BEASTIE/BEASTIE_example/HG00096_chr21/output/s-0.5_a-0.05_sinCov0_totCov1_W1000K1000/HG00096_chr21_hetSNP_intersected_filtered.TEMP.tsv
2021-07-25 20:30:41,836 [INFO] ..... generated hetSNP file with filtered sites prepared for lambda model can be found at /Users/scarlett/Documents/Allen_lab/github/BEASTIE/BEASTIE_example/HG00096_chr21/output/s-0.5_a-0.05_sinCov0_totCov1_W1000K1000/HG00096_chr21_hetSNP_intersected_filtered_forLambda.TEMP.tsv
2021-07-25 20:30:41,836 [INFO] =================
2021-07-25 20:30:41,836 [INFO] ================= Skipping specific step 1.5
2021-07-25 20:30:41,869 [INFO] ..... generated annotated meta file can be found at /Users/scarlett/Documents/Allen_lab/github/BEASTIE/BEASTIE_example/HG00096_chr21/output/s-0.5_a-0.05_sinCov0_totCov1_W1000K1000/HG00096_chr21_meta.TEMP.tsv
2021-07-25 20:30:41,869 [INFO] ================= finish step1! 
2021-07-25 20:30:41,870 [INFO] ======================================== 
2021-07-25 20:30:41,870 [INFO] ======================================== step2: Preparing input in a format required for BEASTIE model
2021-07-25 20:30:41,870 [INFO] ======================================== 
2021-07-25 20:30:41,871 [INFO] Found existed output directory : /Users/scarlett/Documents/Allen_lab/github/BEASTIE/BEASTIE_example/HG00096_chr21/output
2021-07-25 20:30:41,871 [INFO] Found existed specific output directory : /Users/scarlett/Documents/Allen_lab/github/BEASTIE/BEASTIE_example/HG00096_chr21/output/s-0.5_a-0.05_sinCov0_totCov1_W1000K1000, remove content ...
2021-07-25 20:30:41,872 [INFO] =================
2021-07-25 20:30:41,872 [INFO] ================= Starting step 2.1
2021-07-25 20:30:41,872 [INFO] ..... start converting data in format for model input
2021-07-25 20:30:41,872 [INFO] ..... hetSNP_intersect_unique file save to /Users/scarlett/Documents/Allen_lab/github/BEASTIE/BEASTIE_example/HG00096_chr21/output/s-0.5_a-0.05_sinCov0_totCov1_W1000K1000/HG00096_chr21_hetSNP_intersected_filtered.TEMP.tsv
2021-07-25 20:30:41,872 [INFO] filename: /Users/scarlett/Documents/Allen_lab/github/BEASTIE/BEASTIE_example/HG00096_chr21/output/s-0.5_a-0.05_sinCov0_totCov1_W1000K1000/HG00096_chr21_hetSNP_intersected_filtered.TEMP.tsv
2021-07-25 20:30:41,886 [INFO] out_modelinput: /Users/scarlett/Documents/Allen_lab/github/BEASTIE/BEASTIE_example/HG00096_chr21/output/s-0.5_a-0.05_sinCov0_totCov1_W1000K1000/HG00096_chr21_hetSNP_intersected_filtered.TEMP.modelinput.tsv
2021-07-25 20:30:41,886 [INFO] ..... model input exists at /Users/scarlett/Documents/Allen_lab/github/BEASTIE/BEASTIE_example/HG00096_chr21/output/s-0.5_a-0.05_sinCov0_totCov1_W1000K1000/HG00096_chr21_hetSNP_intersected_filtered.TEMP.modelinput.tsv
2021-07-25 20:30:41,886 [INFO] =================
2021-07-25 20:30:41,886 [INFO] ================= Starting step 2.2
2021-07-25 20:30:41,886 [INFO] ..... start predicting phasing error
2021-07-25 20:30:41,886 [INFO] ..... output file save to /Users/scarlett/Documents/Allen_lab/github/BEASTIE/BEASTIE_example/HG00096_chr21/output/s-0.5_a-0.05_sinCov0_totCov1_W1000K1000/HG00096_chr21_hetSNP_intersected_filtered_alphaPredicted.TEMP.tsv
2021-07-25 20:30:41,886 [INFO] ..... output file save to /Users/scarlett/Documents/Allen_lab/github/BEASTIE/BEASTIE_example/HG00096_chr21/output/s-0.5_a-0.05_sinCov0_totCov1_W1000K1000/HG00096_chr21_meta.TEMP.w_prediction.tsv
2021-07-25 20:30:50,637 [INFO] ..... For type 1 error model, input alpha (family wise error rate) is 0.05, adjusted after size of input 69 : 0.0007246376811594203
2021-07-25 20:30:50,638 [INFO] =================
2021-07-25 20:30:50,638 [INFO] ================= Starting step 2.3
2021-07-25 20:30:50,638 [INFO] ..... start adding model input with phasing error information
2021-07-25 20:30:50,638 [INFO] ..... output file save to /Users/scarlett/Documents/Allen_lab/github/BEASTIE/BEASTIE_example/HG00096_chr21/output/s-0.5_a-0.05_sinCov0_totCov1_W1000K1000/HG00096_chr21_hetSNP_intersected_filtered.TEMP.modelinput_w_error.tsv
2021-07-25 20:30:50,788 [INFO] =================
2021-07-25 20:30:50,789 [INFO] ================= Starting step 2.4
2021-07-25 20:30:50,789 [INFO] ..... start running BEASTIE model
2021-07-25 20:30:50,789 [DEBUG] Number of WARMUP samples is 1000, Number of posterior estimates is 1000
2021-07-25 20:30:50,789 [INFO] .... Already fiinshed running model and saved raw theta at : /Users/scarlett/Documents/Allen_lab/github/BEASTIE/BEASTIE_example/HG00096_chr21/output/s-0.5_a-0.05_sinCov0_totCov1_W1000K1000/output_pkl/beastie/theta/HG00096_chr21_a-0.05_W1000K1000_s0t1_s-0.5.pickle
2021-07-25 20:30:51,090 [DEBUG] size of thetas : 70000, size of output list :70
2021-07-25 20:30:51,094 [INFO] ..... model output is finished!
2021-07-25 20:31:05,238 [INFO] ..... ADM estimates size 70
2021-07-25 20:31:05,238 [INFO] ..... ADM p val size 70
2021-07-25 20:31:05,240 [INFO] ..... finishing running ADM method
2021-07-25 20:31:05,241 [INFO] ... Already Processed HG00096_chr21_a-0.05_W1000K1000_s0t1.pickle
2021-07-25 20:31:05,244 [INFO] ..... NS_p_list size 0
2021-07-25 20:31:05,244 [INFO] ..... SS_p_list size 0
2021-07-25 20:31:05,245 [INFO] ..... pseudo_p_list size 0
2021-07-25 20:31:05,245 [INFO] ..... MS_p_list size 0
2021-07-25 20:31:05,251 [INFO] all pickles saved
2021-07-25 20:31:05,251 [INFO] ..... finishing running binomial
2021-07-25 20:31:05,251 [INFO] =================
2021-07-25 20:31:05,251 [INFO] ================= Starting step 2.5
2021-07-25 20:31:05,251 [INFO] ..... start generating gene list
2021-07-25 20:31:05,251 [INFO] ..... data exists, overwrites and saves at /Users/scarlett/Documents/Allen_lab/github/BEASTIE/BEASTIE_example/HG00096_chr21/output/s-0.5_a-0.05_sinCov0_totCov1_W1000K1000/HG00096_chr21_ASE_all.tsv
2021-07-25 20:31:05,251 [INFO] ..... data exists, overwrites and saves at /Users/scarlett/Documents/Allen_lab/github/BEASTIE/BEASTIE_example/HG00096_chr21/output/s-0.5_a-0.05_sinCov0_totCov1_W1000K1000/HG00096_chr21_ASE_cutoff_0.5_filtered.tsv
2021-07-25 20:31:05,273 [DEBUG] size of model output is 70 ; size of hetSNP_intersect_unique_lambdaPredicted_file is 69; intersection size is 69
2021-07-25 20:31:05,288 [INFO] 3 genes with ASE out of total genes 69 (4.348%) at @ posterior_mass_support_ALT > ASE cutoff 0.5
2021-07-25 20:31:05,322 [INFO] =================
2021-07-25 20:31:05,322 [INFO] >>  Finishing running BEASTIE!
2021-07-25 20:31:05,386 [ERROR] ..... output is empty, please try again!
