2021-07-25 20:36:24,874 [INFO] >> Starting running BEASTIE
2021-07-25 20:36:24,875 [INFO] ========================================
2021-07-25 20:36:24,875 [INFO] ======================================== step1: Processing raw data & annotating LD and AF information
2021-07-25 20:36:24,875 [INFO] ======================================== 
2021-07-25 20:36:24,876 [INFO] Found existed output directory : /Users/scarlett/Documents/Allen_lab/github/BEASTIE/BEASTIE_example/HG00096_chr20/output
2021-07-25 20:36:24,876 [INFO] Found existed specific output directory : /Users/scarlett/Documents/Allen_lab/github/BEASTIE/BEASTIE_example/HG00096_chr20/output/s-0.5_a-0.05_sinCov0_totCov1_W200K500, remove content ...
2021-07-25 20:36:24,879 [INFO] We will generate /Users/scarlett/Documents/Allen_lab/github/BEASTIE/BEASTIE_example/HG00096_chr20/output/HG00096_chr20_hetSNP_chr20-20.tsv for you ...
2021-07-25 20:36:24,879 [INFO] We will generate intermediate file /Users/scarlett/Documents/Allen_lab/github/BEASTIE/BEASTIE_example/HG00096_chr20/output/s-0.5_a-0.05_sinCov0_totCov1_W200K500/HG00096_chr20_hetSNP_intersected_filtered.TEMP.tsv ...
2021-07-25 20:36:24,879 [INFO] We will generate intermediate file /Users/scarlett/Documents/Allen_lab/github/BEASTIE/BEASTIE_example/HG00096_chr20/output/s-0.5_a-0.05_sinCov0_totCov1_W200K500/HG00096_chr20_hetSNP_intersected_filtered_forLambda.TEMP.tsv ...
2021-07-25 20:36:24,879 [INFO] We will generate intermediate file /Users/scarlett/Documents/Allen_lab/github/BEASTIE/BEASTIE_example/HG00096_chr20/output/s-0.5_a-0.05_sinCov0_totCov1_W200K500/HG00096_chr20_hetSNP_intersected_filtered_alphaPredicted.TEMP.tsv ...
2021-07-25 20:36:24,879 [INFO] We will generate intermedate file /Users/scarlett/Documents/Allen_lab/github/BEASTIE/BEASTIE_example/HG00096_chr20/output/s-0.5_a-0.05_sinCov0_totCov1_W200K500/HG00096_chr20_meta.TEMP.tsv for you ...
2021-07-25 20:36:24,880 [INFO] We will generate /Users/scarlett/Documents/Allen_lab/github/BEASTIE/BEASTIE_example/HG00096_chr20/output/HG00096_chr20_parsed_pileup_chr20-20.tsv for you ...
2021-07-25 20:36:24,880 [INFO] =================
2021-07-25 20:36:24,880 [INFO] ================= Skipping common step 1.1
2021-07-25 20:36:24,911 [INFO] ..... generated heterozygous bi-allelic SNPs data extracted from VCF can be found at /Users/scarlett/Documents/Allen_lab/github/BEASTIE/BEASTIE_example/HG00096_chr20/output/HG00096_chr20_hetSNP_chr20-20.tsv
2021-07-25 20:36:24,912 [INFO] =================
2021-07-25 20:36:24,912 [INFO] ================= Skipping common step 1.2
2021-07-25 20:36:24,925 [INFO] ..... generated parsed pileup file can be found at /Users/scarlett/Documents/Allen_lab/github/BEASTIE/BEASTIE_example/HG00096_chr20/output/HG00096_chr20_parsed_pileup_chr20-20.tsv
2021-07-25 20:36:24,925 [INFO] =================
2021-07-25 20:36:24,926 [INFO] ================= Starting common step 1.3
2021-07-25 20:36:24,926 [INFO] ..... start annotating AF and LD information
2021-07-25 20:36:24,926 [INFO] ..... start reading 1000 Genome AF annotation file
